
15:02:03.954 DEBUG o.s.w.s.r.ResourceUrlProvider -   Looking for resource handler mappings
15:02:03.957 DEBUG o.s.w.s.r.ResourceUrlProvider -   Found resource handler mapping: URL pattern="/**/favicon.ico", locations=[ServletContext resource [/], class path resource [META-INF/resources/], class path resource [resources/], class path resource [static/], class path resource [public/], class path resource []], resolvers=[org.springframework.web.servlet.resource.PathResourceResolver@305094a7]
15:02:03.957 DEBUG o.s.w.s.r.ResourceUrlProvider -   Found resource handler mapping: URL pattern="/webjars/**", locations=[class path resource [META-INF/resources/webjars/]], resolvers=[org.springframework.web.servlet.resource.PathResourceResolver@1fb2d4de]
15:02:03.957 DEBUG o.s.w.s.r.ResourceUrlProvider -   Found resource handler mapping: URL pattern="/**", locations=[ServletContext resource [/], class path resource [META-INF/resources/], class path resource [resources/], class path resource [static/], class path resource [public/]], resolvers=[org.springframework.web.servlet.resource.PathResourceResolver@84ce808]
15:02:04.049 DEBUG o.s.w.c.s.StandardServletEnvironment -   Adding PropertySource 'server.ports' with highest search precedence
15:02:04.068 INFO  c.v.c.d.App -   Started App in 47.821 seconds (JVM running for 48.989)

%{TIME:log_time} %{LOGLEVEL:log_level} %{DATA:class_name} %{GREEDYDATA :threadName}

### Provide the input file path pattern
### Configure path, type and sincedb_path as per the application configuration

input {
    file {
        path => ["C:/Users/madika8/Desktop/LOCAL_LOGS///*.log"]
        type => "applog"
        tags => "applog"
    }
}

filter {
	if [type] == "applog" {
		grok {
        	match => { "message" => "%{TIME:log_time} %{LOGLEVEL:log_level} %{DATA:class_name} %{GREEDYDATA :threadName}"}
    	}
    	add_field => {
	      "app_environment" => "local-cloud"          ### change this to prod for PROD env
	      "dc" => "local"                              ### change this to prod for PROD env
	      "backend" => "spring-boot"
    	}

	}
}

### Provide appropriate value for application kafka topic ID and comma separated list of kafka servers below.
### Make sure jaas and kerberos file path are valid.

output {
    stdout {}
    file {
        path => "C:/Users/madika8/Desktop/OUTPUT_LOGS/output.txt"
    }
}

-----------

11:32:21.384 INFO  c.v.c.c.a.u.LoggingServiceImpl -   REQUEST application=[CCRSDIRECT], method=[POST], path=[/ccrs-direct/api/dropdown/kpiMetrics], user=[maramti], parameters=[Empty / No Parameters], body=[null]
11:32:21.384 INFO  c.v.c.c.a.CCRSLogger -   Check the response body content size = 2535
11:32:21.384 INFO  c.v.c.c.a.u.LoggingServiceImpl -   RESPONSE application=[CCRSDIRECT], method=[POST], path=[/ccrs-direct/api/dropdown/kpiMetrics], user=[maramti], responseHeaders=[{Cache-Control=no-cache, no-store, max-age=0, must-revalidate, X-Content-Type-Options=nosniff, Expires=0, Pragma=no-cache, X-XSS-Protection=1; mode=block, Content-Type=application/json;charset=UTF-8}], responseBody=[{"data":[{"metricName":"GROSS_ONE_TALK_TO_QUOTA","metricDisplayName":"Gross One Talk Towards Quota","metricDataType":"NUMBER","metricType":"KPI","status":"A","addedByUserId":"userID","lastModifiedByUserId":null,"addedDateTime":1590001490000,"lastModifiedDateTime":null},{"metricName":"NET_ONE_TALK_TO_QUOTA","metricDisplayName":"Net One Talk Towards Quota","metricDataType":"NUMBER","metricType":"KPI","status":"A","addedByUserId":"userID","lastModifiedByUserId":null,"addedDateTime":1590001490000,"lastModifiedDateTime":null},{"metricName":"GROSS_ONE_TALK_SD","metricDisplayName":"Gross One Talk Sales Dollar Attainment","metricDataType":"NUMBER","metricType":"KPI","status":"A","addedByUserId":"userID","lastModifiedByUserId":null,"addedDateTime":1590001490000,"lastModifiedDateTime":null},{"metricName":"NET_ONE_TALK_SD","metricDisplayName":"Net One Talk Sales Dollar Attainment","metricDataType":"NUMBER","metricType":"KPI","status":"A","addedByUserId":"userID","lastModifiedByUserId":null,"addedDateTime":1590001490000,"lastModifiedDateTime":null},{"metricName":"GROSS_ONE_TALK_CNT","metricDisplayName":"Gross One Talk Count ","metricDataType":"NUMBER","metricType":"KPI","status":"A","addedByUserId":"userID","lastModifiedByUserId":null,"addedDateTime":1590001490000,"lastModifiedDateTime":null

-----------

11:32:21.384 INFO  c.v.c.c.a.u.LoggingServiceImpl -   REQUEST application=[CCRSDIRECT], method=[POST], path=[/ccrs-direct/api/dropdown/kpiMetrics], user=[maramti], parameters=[Empty / No Parameters], body=[null]

%{TIME:log_time}%{SPACE}%{LOGLEVEL:log_level}%{SPACE}%{JAVACLASS:class_name}%{SPACE}-%{SPACE}%{WORD:isReqOrRes}%{SPACE}%{WORD:}=%{SQUAREBRACKETS}

JAVACLASS (?:[a-zA-Z$_][a-zA-Z$_0-9]*\.)*[a-zA-Z$_][a-zA-Z$_0-9]*
SQUAREBRACKETS \[(.*?)\]
